Aug 15, 2015 2:45:27 PM udpserver.UDPServer main
INFO: Started application
Aug 15, 2015 2:45:27 PM udpserver.UDPServer echo
INFO: Server socket created. Waiting for incoming data...
Aug 15, 2015 2:48:47 PM udpserver.UDPServer echo
INFO: 192.168.1.101 : 52949 - hi
Aug 15, 2015 2:48:56 PM udpserver.UDPServer echo
INFO: 192.168.1.101 : 52949 - whats up
Aug 15, 2015 2:49:01 PM udpserver.UDPServer echo
INFO: 192.168.1.101 : 52949 - exiterino
Aug 15, 2015 7:22:07 PM udpserver.UDPServer run
INFO: Started application
Aug 15, 2015 7:22:07 PM udpserver.UDPServer echo
INFO: Server socket created. Waiting for incoming data...
Aug 15, 2015 7:22:36 PM udpserver.UDPServer run
INFO: Started application
Aug 15, 2015 7:22:36 PM udpserver.UDPServer echo
INFO: Server socket created. Waiting for incoming data...
Aug 15, 2015 7:23:39 PM udpserver.UDPServer run
INFO: Started application
Aug 15, 2015 7:23:39 PM udpserver.UDPServer echo
INFO: Server socket created. Waiting for incoming data...
Aug 15, 2015 7:27:26 PM udpserver.UDPServer run
INFO: Started application
Aug 15, 2015 7:27:26 PM udpserver.UDPServer echo
INFO: Server socket created. Waiting for incoming data...
Aug 15, 2015 7:28:34 PM udpserver.UDPServer run
INFO: Started application
Aug 15, 2015 7:28:35 PM udpserver.UDPServer echo
INFO: Server socket created. Waiting for incoming data...
Aug 15, 2015 7:28:54 PM udpserver.UDPServer run
INFO: Started application
Aug 15, 2015 7:28:54 PM udpserver.UDPServer echo
INFO: Server socket created. Waiting for incoming data...
Aug 15, 2015 7:29:33 PM udpserver.UDPServer run
INFO: Started application
Aug 15, 2015 7:29:33 PM udpserver.UDPServer echo
INFO: Server socket created. Waiting for incoming data...
Aug 15, 2015 7:31:39 PM udpserver.UDPServer run
INFO: Started application
Aug 15, 2015 7:31:39 PM udpserver.UDPServer echo
INFO: Server socket created. Waiting for incoming data...
Aug 15, 2015 7:33:07 PM udpserver.UDPServer run
INFO: Started application
Aug 15, 2015 7:33:07 PM udpserver.UDPServer echo
INFO: Server socket created. Waiting for incoming data...
Aug 15, 2015 7:33:31 PM udpserver.UDPServer run
INFO: Started application
Aug 15, 2015 7:33:31 PM udpserver.UDPServer echo
INFO: Server socket created. Waiting for incoming data...
Aug 15, 2015 7:34:50 PM udpserver.UDPServer run
INFO: Started application
Aug 15, 2015 7:34:50 PM udpserver.UDPServer echo
INFO: Server socket created. Waiting for incoming data...
Aug 15, 2015 7:39:05 PM udpserver.UDPServer start
INFO: Started application
Aug 15, 2015 7:39:05 PM udpserver.UDPServer echo
INFO: Server socket created. Waiting for incoming data...
Aug 15, 2015 7:40:11 PM udpserver.UDPServer start
INFO: Started application
Aug 15, 2015 7:40:11 PM udpserver.UDPServer echo
INFO: Server socket created. Waiting for incoming data...
Aug 15, 2015 7:49:35 PM udpserver.UDPServer start
INFO: Started application
Aug 15, 2015 7:49:35 PM udpserver.UDPServer echo
INFO: Server socket created. Waiting for incoming data...
Aug 15, 2015 7:50:37 PM udpserver.UDPServer start
INFO: Started application
Aug 15, 2015 7:50:37 PM udpserver.UDPServer echo
INFO: Server socket created. Waiting for incoming data...
Aug 15, 2015 7:54:12 PM udpserver.UDPServer start
INFO: Started application
Aug 15, 2015 7:55:58 PM udpserver.UDPServer start
INFO: Started application
Aug 15, 2015 7:57:01 PM udpserver.UDPServer start
INFO: Started application
Aug 15, 2015 7:57:01 PM udpserver.UDPServer echo
INFO: Server socket created. Waiting for incoming data...
Aug 15, 2015 7:58:01 PM udpserver.UDPServer start
INFO: Started application
Aug 15, 2015 7:58:01 PM udpserver.UDPServer echo
INFO: Server socket created. Waiting for incoming data...
Aug 15, 2015 7:58:14 PM udpserver.UDPServer echo
INFO: Stopped application
Aug 15, 2015 7:59:44 PM udpserver.UDPServer echo
INFO: Started application
Aug 15, 2015 7:59:44 PM udpserver.UDPServer echo
INFO: Server socket created. Waiting for incoming data...
Aug 15, 2015 8:03:54 PM udpserver.UDPServer echo
INFO: Started application
Aug 15, 2015 8:03:54 PM udpserver.UDPServer echo
INFO: Server socket created. Waiting for incoming data...
Aug 15, 2015 8:05:31 PM udpserver.UDPServer echo
INFO: Started application
Aug 15, 2015 8:05:31 PM udpserver.UDPServer echo
INFO: Server socket created. Waiting for incoming data...
Aug 15, 2015 8:08:15 PM udpserver.UDPServer echo
INFO: Started application
Aug 15, 2015 8:08:15 PM udpserver.UDPServer echo
INFO: Server socket created. Waiting for incoming data...
Aug 15, 2015 8:09:19 PM udpserver.UDPServer echo
INFO: Started application
Aug 15, 2015 8:09:19 PM udpserver.UDPServer echo
INFO: Server socket created. Waiting for incoming data...
Aug 15, 2015 8:10:18 PM udpserver.UDPServer echo
INFO: Started application
Aug 15, 2015 8:10:18 PM udpserver.UDPServer echo
INFO: Server socket created. Waiting for incoming data...
Aug 15, 2015 8:13:49 PM udpserver.UDPServer echo
INFO: Started application
Aug 15, 2015 8:13:49 PM udpserver.UDPServer echo
INFO: Server socket created. Waiting for incoming data...
Aug 15, 2015 8:15:27 PM udpserver.UDPServer echo
INFO: Started application
Aug 15, 2015 8:15:27 PM udpserver.UDPServer echo
INFO: Server socket created. Waiting for incoming data...
Aug 15, 2015 8:16:57 PM udpserver.UDPServer echo
INFO: Started application
Aug 15, 2015 8:16:58 PM udpserver.UDPServer echo
INFO: Server socket created. Waiting for incoming data...
Aug 15, 2015 8:17:27 PM udpserver.UDPServer echo
INFO: Started application
Aug 15, 2015 8:17:27 PM udpserver.UDPServer echo
INFO: Server socket created. Waiting for incoming data...
Aug 15, 2015 8:18:18 PM udpserver.UDPServer echo
INFO: Started application
Aug 15, 2015 8:18:18 PM udpserver.UDPServer echo
INFO: Server socket created. Waiting for incoming data...
Aug 15, 2015 8:18:25 PM udpserver.UDPServer echo
INFO: Started application
Aug 15, 2015 8:18:25 PM udpserver.UDPServer echo
INFO: Server socket created. Waiting for incoming data...
Aug 15, 2015 8:18:34 PM udpserver.UDPServer echo
INFO: Started application
Aug 15, 2015 8:18:34 PM udpserver.UDPServer echo
INFO: Server socket created. Waiting for incoming data...
Aug 15, 2015 8:18:43 PM udpserver.UDPServer echo
INFO: Stopped application
Aug 15, 2015 8:19:13 PM udpserver.UDPServer echo
INFO: Started application
Aug 15, 2015 8:19:13 PM udpserver.UDPServer echo
INFO: Server socket created. Waiting for incoming data...
Aug 15, 2015 8:22:37 PM udpserver.UDPServer echo
INFO: Started application
Aug 15, 2015 8:22:37 PM udpserver.UDPServer echo
INFO: Server socket created. Waiting for incoming data...
Aug 15, 2015 8:23:23 PM udpserver.UDPServer echo
INFO: Started application
Aug 15, 2015 8:23:52 PM udpserver.UDPServer echo
INFO: Started application
Aug 15, 2015 8:23:52 PM udpserver.UDPServer echo
INFO: Server socket created. Waiting for incoming data...
